[2017-01-06 10:30:30] START
[2017-01-06 10:39:12] CREATE basics.py: 0
[2017-01-06 10:40:25] EDIT pluralsight/controllers/basics.py: 4
[2017-01-06 10:41:16] CREATE basics/helloworld.html: 0
[2017-01-06 10:42:58] EDIT pluralsight/views/basics/helloworld.html: 3
[2017-01-06 10:44:15] EDIT pluralsight/views/basics/helloworld.html: 3
[2017-01-06 10:46:58] EDIT pluralsight/controllers/basics.py: 5
[2017-01-06 10:47:25] CREATE basics/request_args.html: 0
[2017-01-06 10:48:11] EDIT pluralsight/views/basics/request_args.html: 3
[2017-01-06 10:51:41] EDIT pluralsight/controllers/basics.py: 9
[2017-01-06 10:52:18] CREATE basics/request_vars.html: 0
[2017-01-06 10:54:00] EDIT pluralsight/views/basics/request_vars.html: 8
[2017-01-06 10:55:14] EDIT pluralsight/views/basics/request_vars.html: 0
[2017-01-06 10:56:08] EDIT pluralsight/controllers/basics.py: 0
[2017-01-06 10:58:29] EDIT pluralsight/controllers/basics.py: 10
[2017-01-06 10:59:07] CREATE basics/request_object.html: 0
[2017-01-06 10:59:22] EDIT pluralsight/views/basics/request_object.html: 0
[2017-01-06 11:01:45] EDIT pluralsight/controllers/basics.py: 1
[2017-01-06 11:06:51] EDIT pluralsight/controllers/basics.py: 8
[2017-01-06 11:07:09] EDIT pluralsight/controllers/basics.py: 0
[2017-01-06 11:08:07] EDIT pluralsight/controllers/basics.py: 4
[2017-01-06 11:08:22] EDIT pluralsight/controllers/basics.py: 0
[2017-01-06 11:09:38] CREATE basics/random_number.html: 0
[2017-01-06 11:10:51] EDIT pluralsight/views/basics/random_number.html: 6
