[2017-01-17 07:40:56] START
[2017-01-17 07:46:48] CREATE home.py: 0
[2017-01-17 07:47:01] EDIT FirstDemo/controllers/home.py: 1
[2017-01-17 07:47:24] CREATE home/index.html: 0
[2017-01-17 07:53:51] EDIT FirstDemo/models/menu.py: 1
[2017-01-17 07:54:09] EDIT FirstDemo/models/menu.py: 0
[2017-01-17 07:54:21] EDIT FirstDemo/models/menu.py: 1
[2017-01-17 07:54:39] EDIT FirstDemo/models/menu.py: -7
[2017-01-17 07:55:03] EDIT FirstDemo/models/menu.py: -54
[2017-01-17 07:55:31] EDIT FirstDemo/models/menu.py: 54
[2017-01-17 07:57:02] EDIT FirstDemo/models/menu.py: 1
[2017-01-17 07:57:26] EDIT FirstDemo/models/menu.py: 0
[2017-01-17 07:58:41] EDIT FirstDemo/models/menu.py: -1
[2017-01-17 07:59:08] EDIT FirstDemo/models/menu.py: 1
[2017-01-17 07:59:28] EDIT FirstDemo/models/menu.py: 0
[2017-01-17 07:59:40] EDIT FirstDemo/models/menu.py: 0
[2017-01-17 07:59:54] EDIT FirstDemo/models/menu.py: 0
[2017-01-17 08:00:50] EDIT FirstDemo/models/menu.py: 6
[2017-01-17 08:01:13] EDIT FirstDemo/models/menu.py: 0
[2017-01-17 08:02:00] EDIT FirstDemo/models/menu.py: 0
[2017-01-17 08:02:26] EDIT FirstDemo/models/menu.py: -1
[2017-01-17 08:02:57] EDIT FirstDemo/models/menu.py: 0
[2017-01-17 08:03:07] EDIT FirstDemo/models/menu.py: -1
[2017-01-17 08:04:56] EDIT FirstDemo/models/menu.py: 7
[2017-01-17 08:05:53] EDIT FirstDemo/models/menu.py: 0
[2017-01-17 08:06:17] EDIT FirstDemo/models/menu.py: 0
[2017-01-17 08:06:52] CREATE devices.py: 0
[2017-01-17 08:09:33] EDIT FirstDemo/models/menu.py: 0
[2017-01-17 08:09:54] CREATE devices/index.html: 0
[2017-01-17 08:10:22] EDIT FirstDemo/views/devices/index.html: 3
[2017-01-17 08:10:32] EDIT FirstDemo/views/devices/index.html: -1
[2017-01-17 08:11:39] EDIT FirstDemo/controllers/devices.py: 2
